{"total": {"lines":{"total":951,"covered":794,"skipped":0,"pct":83.49},"statements":{"total":1037,"covered":833,"skipped":0,"pct":80.32},"functions":{"total":165,"covered":147,"skipped":0,"pct":89.09},"branches":{"total":693,"covered":439,"skipped":0,"pct":63.34},"branchesTrue":{"total":0,"covered":0,"skipped":0,"pct":100}}
,"/Users/isabel/Documents/GitHub/Web-architectures/workout-tracker/backend/events.js": {"lines":{"total":35,"covered":34,"skipped":0,"pct":97.14},"functions":{"total":8,"covered":7,"skipped":0,"pct":87.5},"statements":{"total":37,"covered":35,"skipped":0,"pct":94.59},"branches":{"total":10,"covered":9,"skipped":0,"pct":90}}
,"/Users/isabel/Documents/GitHub/Web-architectures/workout-tracker/backend/mail.js": {"lines":{"total":33,"covered":25,"skipped":0,"pct":75.75},"functions":{"total":8,"covered":7,"skipped":0,"pct":87.5},"statements":{"total":38,"covered":29,"skipped":0,"pct":76.31},"branches":{"total":27,"covered":15,"skipped":0,"pct":55.55}}
,"/Users/isabel/Documents/GitHub/Web-architectures/workout-tracker/backend/push.js": {"lines":{"total":32,"covered":31,"skipped":0,"pct":96.87},"functions":{"total":10,"covered":9,"skipped":0,"pct":90},"statements":{"total":36,"covered":34,"skipped":0,"pct":94.44},"branches":{"total":17,"covered":17,"skipped":0,"pct":100}}
,"/Users/isabel/Documents/GitHub/Web-architectures/workout-tracker/backend/server.js": {"lines":{"total":73,"covered":72,"skipped":0,"pct":98.63},"functions":{"total":9,"covered":9,"skipped":0,"pct":100},"statements":{"total":74,"covered":73,"skipped":0,"pct":98.64},"branches":{"total":22,"covered":18,"skipped":0,"pct":81.81}}
,"/Users/isabel/Documents/GitHub/Web-architectures/workout-tracker/backend/emails/VerificationEmail.js": {"lines":{"total":5,"covered":4,"skipped":0,"pct":80},"functions":{"total":1,"covered":0,"skipped":0,"pct":0},"statements":{"total":5,"covered":4,"skipped":0,"pct":80},"branches":{"total":1,"covered":0,"skipped":0,"pct":0}}
,"/Users/isabel/Documents/GitHub/Web-architectures/workout-tracker/backend/middleware/authenticate.js": {"lines":{"total":30,"covered":27,"skipped":0,"pct":90},"functions":{"total":4,"covered":3,"skipped":0,"pct":75},"statements":{"total":33,"covered":30,"skipped":0,"pct":90.9},"branches":{"total":10,"covered":4,"skipped":0,"pct":40}}
,"/Users/isabel/Documents/GitHub/Web-architectures/workout-tracker/backend/middleware/rateLimiters.js": {"lines":{"total":15,"covered":15,"skipped":0,"pct":100},"functions":{"total":4,"covered":4,"skipped":0,"pct":100},"statements":{"total":16,"covered":16,"skipped":0,"pct":100},"branches":{"total":11,"covered":6,"skipped":0,"pct":54.54}}
,"/Users/isabel/Documents/GitHub/Web-architectures/workout-tracker/backend/modules/daily-activity/daily-activity.routes.js": {"lines":{"total":92,"covered":78,"skipped":0,"pct":84.78},"functions":{"total":10,"covered":10,"skipped":0,"pct":100},"statements":{"total":99,"covered":80,"skipped":0,"pct":80.8},"branches":{"total":73,"covered":53,"skipped":0,"pct":72.6}}
,"/Users/isabel/Documents/GitHub/Web-architectures/workout-tracker/backend/modules/identity-access/identity-access.routes.js": {"lines":{"total":256,"covered":175,"skipped":0,"pct":68.35},"functions":{"total":28,"covered":23,"skipped":0,"pct":82.14},"statements":{"total":277,"covered":182,"skipped":0,"pct":65.7},"branches":{"total":198,"covered":97,"skipped":0,"pct":48.98}}
,"/Users/isabel/Documents/GitHub/Web-architectures/workout-tracker/backend/modules/insights-coaching/coach.routes.js": {"lines":{"total":113,"covered":105,"skipped":0,"pct":92.92},"functions":{"total":38,"covered":34,"skipped":0,"pct":89.47},"statements":{"total":126,"covered":114,"skipped":0,"pct":90.47},"branches":{"total":109,"covered":68,"skipped":0,"pct":62.38}}
,"/Users/isabel/Documents/GitHub/Web-architectures/workout-tracker/backend/modules/insights-coaching/insights-coaching.routes.js": {"lines":{"total":4,"covered":4,"skipped":0,"pct":100},"functions":{"total":0,"covered":0,"skipped":0,"pct":100},"statements":{"total":4,"covered":4,"skipped":0,"pct":100},"branches":{"total":0,"covered":0,"skipped":0,"pct":100}}
,"/Users/isabel/Documents/GitHub/Web-architectures/workout-tracker/backend/modules/insights-coaching/progress.routes.js": {"lines":{"total":14,"covered":12,"skipped":0,"pct":85.71},"functions":{"total":3,"covered":3,"skipped":0,"pct":100},"statements":{"total":15,"covered":13,"skipped":0,"pct":86.66},"branches":{"total":2,"covered":1,"skipped":0,"pct":50}}
,"/Users/isabel/Documents/GitHub/Web-architectures/workout-tracker/backend/modules/insights-coaching/stats.routes.js": {"lines":{"total":11,"covered":10,"skipped":0,"pct":90.9},"functions":{"total":3,"covered":3,"skipped":0,"pct":100},"statements":{"total":11,"covered":10,"skipped":0,"pct":90.9},"branches":{"total":0,"covered":0,"skipped":0,"pct":100}}
,"/Users/isabel/Documents/GitHub/Web-architectures/workout-tracker/backend/modules/notifications/notifications.routes.js": {"lines":{"total":15,"covered":14,"skipped":0,"pct":93.33},"functions":{"total":3,"covered":3,"skipped":0,"pct":100},"statements":{"total":15,"covered":14,"skipped":0,"pct":93.33},"branches":{"total":2,"covered":1,"skipped":0,"pct":50}}
,"/Users/isabel/Documents/GitHub/Web-architectures/workout-tracker/backend/modules/training/sessions.routes.js": {"lines":{"total":64,"covered":53,"skipped":0,"pct":82.81},"functions":{"total":9,"covered":9,"skipped":0,"pct":100},"statements":{"total":70,"covered":56,"skipped":0,"pct":80},"branches":{"total":98,"covered":79,"skipped":0,"pct":80.61}}
,"/Users/isabel/Documents/GitHub/Web-architectures/workout-tracker/backend/modules/training/training.routes.js": {"lines":{"total":99,"covered":82,"skipped":0,"pct":82.82},"functions":{"total":11,"covered":10,"skipped":0,"pct":90.9},"statements":{"total":115,"covered":82,"skipped":0,"pct":71.3},"branches":{"total":58,"covered":33,"skipped":0,"pct":56.89}}
,"/Users/isabel/Documents/GitHub/Web-architectures/workout-tracker/backend/modules/training/training.service.js": {"lines":{"total":60,"covered":53,"skipped":0,"pct":88.33},"functions":{"total":16,"covered":13,"skipped":0,"pct":81.25},"statements":{"total":66,"covered":57,"skipped":0,"pct":86.36},"branches":{"total":55,"covered":38,"skipped":0,"pct":69.09}}
}
